\BOOKMARK [1][-]{section.9}{1 Introduction}{}% 1
\BOOKMARK [1][-]{section.12}{2 Motivation}{}% 2
\BOOKMARK [1][-]{section.13}{3 Fundamentals}{}% 3
\BOOKMARK [2][-]{subsection.14}{3.1 Spatial hearing}{section.13}% 4
\BOOKMARK [2][-]{subsection.15}{3.2 Principles of 3D-audio}{section.13}% 5
\BOOKMARK [2][-]{subsection.18}{3.3 Training capabilities}{section.13}% 6
\BOOKMARK [1][-]{section.22}{4 Approach}{}% 7
\BOOKMARK [2][-]{subsection.23}{4.1 Design principles}{section.22}% 8
\BOOKMARK [2][-]{subsection.33}{4.2 Unity overview}{section.22}% 9
\BOOKMARK [2][-]{subsection.37}{4.3 LiSN \046 Learn - Training Game}{section.22}% 10
\BOOKMARK [2][-]{subsection.49}{4.4 Speech stimuli}{section.22}% 11
\BOOKMARK [2][-]{subsection.51}{4.5 Visuals}{section.22}% 12
\BOOKMARK [1][-]{section.54}{5 Concept}{}% 13
\BOOKMARK [2][-]{subsection.55}{5.1 Training Game}{section.54}% 14
\BOOKMARK [2][-]{subsection.58}{5.2 Asset management}{section.54}% 15
\BOOKMARK [2][-]{subsection.59}{5.3 Progress tracking}{section.54}% 16
\BOOKMARK [2][-]{subsection.63}{5.4 Application overview}{section.54}% 17
\BOOKMARK [1][-]{section.79}{6 Conclusion}{}% 18
\BOOKMARK [1][-]{section*.81}{List of Figures}{}% 19
\BOOKMARK [1][-]{section*.81}{References}{}% 20
